<?xml version="1.0" encoding="UTF-8"?>
<coverage generated="1773407326321" clover="3.2.0">
  <project timestamp="1773407326321" name="All files">
    <metrics statements="160" coveredstatements="159" conditionals="103" coveredconditionals="91" methods="29" coveredmethods="29" elements="292" coveredelements="279" complexity="0" loc="160" ncloc="160" packages="3" files="6" classes="6"/>
    <package name="core">
      <metrics statements="103" coveredstatements="102" conditionals="73" coveredconditionals="67" methods="14" coveredmethods="14"/>
      <file name="BrokerComponent.ts" path="/home/ubuntu/code/packages/isomorphic-ui/src/core/BrokerComponent.ts">
        <metrics statements="103" coveredstatements="102" conditionals="73" coveredconditionals="67" methods="14" coveredmethods="14"/>
        <line num="8" count="1" type="stmt"/>
        <line num="9" count="23" type="stmt"/>
        <line num="14" count="1" type="stmt"/>
        <line num="16" count="23" type="stmt"/>
        <line num="17" count="23" type="stmt"/>
        <line num="18" count="23" type="stmt"/>
        <line num="19" count="23" type="stmt"/>
        <line num="21" count="1" type="stmt"/>
        <line num="30" count="23" type="cond" truecount="2" falsecount="0"/>
        <line num="31" count="23" type="stmt"/>
        <line num="38" count="1" type="stmt"/>
        <line num="50" count="7" type="cond" truecount="2" falsecount="1"/>
        <line num="51" count="7" type="stmt"/>
        <line num="53" count="7" type="stmt"/>
        <line num="54" count="7" type="cond" truecount="1" falsecount="0"/>
        <line num="55" count="7" type="stmt"/>
        <line num="56" count="7" type="stmt"/>
        <line num="65" count="28" type="cond" truecount="0" falsecount="1"/>
        <line num="68" count="28" type="stmt"/>
        <line num="71" count="28" type="stmt"/>
        <line num="72" count="28" type="stmt"/>
        <line num="75" count="28" type="stmt"/>
        <line num="76" count="28" type="stmt"/>
        <line num="78" count="28" type="stmt"/>
        <line num="81" count="28" type="cond" truecount="2" falsecount="0"/>
        <line num="84" count="28" type="stmt"/>
        <line num="85" count="28" type="stmt"/>
        <line num="88" count="28" type="stmt"/>
        <line num="91" count="28" type="stmt"/>
        <line num="92" count="2" type="stmt"/>
        <line num="97" count="35" type="stmt"/>
        <line num="98" count="35" type="stmt"/>
        <line num="105" count="28" type="stmt"/>
        <line num="106" count="28" type="stmt"/>
        <line num="108" count="28" type="stmt"/>
        <line num="109" count="28" type="stmt"/>
        <line num="110" count="28" type="stmt"/>
        <line num="111" count="28" type="stmt"/>
        <line num="114" count="28" type="cond" truecount="4" falsecount="0"/>
        <line num="115" count="20" type="stmt"/>
        <line num="116" count="20" type="stmt"/>
        <line num="117" count="20" type="stmt"/>
        <line num="120" count="8" type="cond" truecount="4" falsecount="0"/>
        <line num="121" count="2" type="cond" truecount="1" falsecount="0"/>
        <line num="122" count="2" type="stmt"/>
        <line num="123" count="2" type="cond" truecount="1" falsecount="0"/>
        <line num="127" count="6" type="cond" truecount="3" falsecount="0"/>
        <line num="128" count="6" type="cond" truecount="4" falsecount="0"/>
        <line num="129" count="2" type="cond" truecount="2" falsecount="0"/>
        <line num="131" count="1" type="stmt"/>
        <line num="132" count="1" type="stmt"/>
        <line num="133" count="1" type="stmt"/>
        <line num="134" count="1" type="stmt"/>
        <line num="136" count="1" type="stmt"/>
        <line num="137" count="1" type="stmt"/>
        <line num="138" count="1" type="stmt"/>
        <line num="140" count="4" type="cond" truecount="4" falsecount="0"/>
        <line num="142" count="2" type="stmt"/>
        <line num="143" count="2" type="cond" truecount="3" falsecount="1"/>
        <line num="144" count="2" type="cond" truecount="1" falsecount="0"/>
        <line num="146" count="0" type="stmt"/>
        <line num="150" count="2" type="stmt"/>
        <line num="151" count="2" type="stmt"/>
        <line num="152" count="2" type="cond" truecount="1" falsecount="0"/>
        <line num="154" count="6" type="stmt"/>
        <line num="160" count="23" type="cond" truecount="1" falsecount="0"/>
        <line num="161" count="5" type="cond" truecount="1" falsecount="0"/>
        <line num="162" count="5" type="stmt"/>
        <line num="164" count="18" type="cond" truecount="1" falsecount="1"/>
        <line num="169" count="20" type="stmt"/>
        <line num="171" count="20" type="cond" truecount="1" falsecount="0"/>
        <line num="172" count="20" type="stmt"/>
        <line num="174" count="20" type="stmt"/>
        <line num="175" count="20" type="stmt"/>
        <line num="177" count="20" type="stmt"/>
        <line num="180" count="20" type="stmt"/>
        <line num="184" count="7" type="stmt"/>
        <line num="185" count="7" type="stmt"/>
        <line num="187" count="7" type="cond" truecount="4" falsecount="0"/>
        <line num="188" count="1" type="stmt"/>
        <line num="191" count="7" type="stmt"/>
        <line num="201" count="28" type="cond" truecount="0" falsecount="1"/>
        <line num="204" count="28" type="stmt"/>
        <line num="205" count="28" type="cond" truecount="1" falsecount="0"/>
        <line num="206" count="28" type="cond" truecount="1" falsecount="0"/>
        <line num="207" count="28" type="cond" truecount="1" falsecount="0"/>
        <line num="208" count="2" type="cond" truecount="1" falsecount="1"/>
        <line num="209" count="2" type="stmt"/>
        <line num="211" count="28" type="cond" truecount="3" falsecount="0"/>
        <line num="212" count="28" type="cond" truecount="3" falsecount="0"/>
        <line num="213" count="28" type="cond" truecount="1" falsecount="0"/>
        <line num="214" count="28" type="cond" truecount="1" falsecount="0"/>
        <line num="216" count="28" type="stmt"/>
        <line num="219" count="28" type="cond" truecount="1" falsecount="0"/>
        <line num="222" count="28" type="cond" truecount="1" falsecount="0"/>
        <line num="223" count="28" type="cond" truecount="1" falsecount="0"/>
        <line num="226" count="28" type="stmt"/>
        <line num="227" count="28" type="cond" truecount="3" falsecount="0"/>
        <line num="228" count="1" type="stmt"/>
        <line num="232" count="28" type="stmt"/>
        <line num="233" count="29" type="cond" truecount="3" falsecount="0"/>
        <line num="234" count="12" type="stmt"/>
        <line num="243" count="1" type="stmt"/>
      </file>
    </package>
    <package name="dom">
      <metrics statements="17" coveredstatements="17" conditionals="7" coveredconditionals="6" methods="4" coveredmethods="4"/>
      <file name="DOMModule.ts" path="/home/ubuntu/code/packages/isomorphic-ui/src/dom/DOMModule.ts">
        <metrics statements="17" coveredstatements="17" conditionals="7" coveredconditionals="6" methods="4" coveredmethods="4"/>
        <line num="7" count="1" type="stmt"/>
        <line num="8" count="6" type="stmt"/>
        <line num="10" count="6" type="stmt"/>
        <line num="11" count="6" type="stmt"/>
        <line num="14" count="6" type="stmt"/>
        <line num="18" count="1" type="stmt"/>
        <line num="22" count="5" type="cond" truecount="0" falsecount="1"/>
        <line num="24" count="5" type="cond" truecount="3" falsecount="0"/>
        <line num="25" count="5" type="stmt"/>
        <line num="27" count="5" type="cond" truecount="1" falsecount="0"/>
        <line num="28" count="4" type="stmt"/>
        <line num="29" count="4" type="stmt"/>
        <line num="30" count="4" type="stmt"/>
        <line num="31" count="4" type="stmt"/>
        <line num="39" count="2" type="cond" truecount="1" falsecount="0"/>
        <line num="40" count="1" type="stmt"/>
        <line num="43" count="1" type="stmt"/>
      </file>
    </package>
    <package name="primitives">
      <metrics statements="40" coveredstatements="40" conditionals="23" coveredconditionals="18" methods="11" coveredmethods="11"/>
      <file name="Box.ts" path="/home/ubuntu/code/packages/isomorphic-ui/src/primitives/Box.ts">
        <metrics statements="12" coveredstatements="12" conditionals="8" coveredconditionals="8" methods="3" coveredmethods="3"/>
        <line num="1" count="1" type="stmt"/>
        <line num="2" count="1" type="stmt"/>
        <line num="5" count="1" type="stmt"/>
        <line num="15" count="1" type="stmt"/>
        <line num="18" count="3" type="stmt"/>
        <line num="19" count="3" type="cond" truecount="2" falsecount="0"/>
        <line num="23" count="3" type="stmt"/>
        <line num="24" count="3" type="cond" truecount="3" falsecount="0"/>
        <line num="25" count="1" type="stmt"/>
        <line num="27" count="3" type="cond" truecount="1" falsecount="0"/>
        <line num="28" count="3" type="stmt"/>
        <line num="33" count="3" type="cond" truecount="2" falsecount="0"/>
      </file>
      <file name="Button.ts" path="/home/ubuntu/code/packages/isomorphic-ui/src/primitives/Button.ts">
        <metrics statements="8" coveredstatements="8" conditionals="5" coveredconditionals="3" methods="3" coveredmethods="3"/>
        <line num="1" count="1" type="stmt"/>
        <line num="7" count="1" type="stmt"/>
        <line num="9" count="2" type="stmt"/>
        <line num="13" count="2" type="stmt"/>
        <line num="14" count="2" type="cond" truecount="0" falsecount="1"/>
        <line num="16" count="2" type="stmt"/>
        <line num="17" count="2" type="cond" truecount="1" falsecount="0"/>
        <line num="24" count="2" type="cond" truecount="2" falsecount="1"/>
      </file>
      <file name="Stack.ts" path="/home/ubuntu/code/packages/isomorphic-ui/src/primitives/Stack.ts">
        <metrics statements="6" coveredstatements="6" conditionals="1" coveredconditionals="1" methods="2" coveredmethods="2"/>
        <line num="1" count="1" type="stmt"/>
        <line num="10" count="1" type="stmt"/>
        <line num="12" count="1" type="stmt"/>
        <line num="20" count="1" type="stmt"/>
        <line num="21" count="1" type="cond" truecount="1" falsecount="0"/>
        <line num="22" count="1" type="stmt"/>
      </file>
      <file name="Typography.ts" path="/home/ubuntu/code/packages/isomorphic-ui/src/primitives/Typography.ts">
        <metrics statements="14" coveredstatements="14" conditionals="9" coveredconditionals="6" methods="3" coveredmethods="3"/>
        <line num="1" count="1" type="stmt"/>
        <line num="2" count="1" type="stmt"/>
        <line num="5" count="1" type="stmt"/>
        <line num="17" count="1" type="stmt"/>
        <line num="18" count="1" type="stmt"/>
        <line num="24" count="3" type="stmt"/>
        <line num="25" count="3" type="cond" truecount="1" falsecount="1"/>
        <line num="29" count="3" type="stmt"/>
        <line num="30" count="3" type="cond" truecount="0" falsecount="1"/>
        <line num="32" count="3" type="stmt"/>
        <line num="33" count="3" type="cond" truecount="1" falsecount="1"/>
        <line num="34" count="3" type="cond" truecount="1" falsecount="0"/>
        <line num="35" count="3" type="cond" truecount="1" falsecount="0"/>
        <line num="39" count="3" type="cond" truecount="2" falsecount="0"/>
      </file>
    </package>
  </project>
</coverage>
