{"/home/ubuntu/code/packages/isomorphic-ui/src/core/BrokerComponent.ts": {"path":"/home/ubuntu/code/packages/isomorphic-ui/src/core/BrokerComponent.ts","statementMap":{"0":{"start":{"line":9,"column":11},"end":{"line":9,"column":46}},"1":{"start":{"line":16,"column":12},"end":{"line":16,"column":28}},"2":{"start":{"line":17,"column":14},"end":{"line":17,"column":48}},"3":{"start":{"line":18,"column":14},"end":{"line":18,"column":39}},"4":{"start":{"line":19,"column":12},"end":{"line":19,"column":43}},"5":{"start":{"line":30,"column":8},"end":{"line":30,"column":48}},"6":{"start":{"line":31,"column":8},"end":{"line":31,"column":27}},"7":{"start":{"line":38,"column":8},"end":{"line":38,"column":34}},"8":{"start":{"line":50,"column":8},"end":{"line":50,"column":50}},"9":{"start":{"line":50,"column":43},"end":{"line":50,"column":50}},"10":{"start":{"line":51,"column":8},"end":{"line":51,"column":28}},"11":{"start":{"line":53,"column":8},"end":{"line":58,"column":11}},"12":{"start":{"line":54,"column":12},"end":{"line":57,"column":13}},"13":{"start":{"line":55,"column":16},"end":{"line":55,"column":37}},"14":{"start":{"line":56,"column":16},"end":{"line":56,"column":37}},"15":{"start":{"line":65,"column":8},"end":{"line":65,"column":34}},"16":{"start":{"line":65,"column":27},"end":{"line":65,"column":34}},"17":{"start":{"line":68,"column":8},"end":{"line":68,"column":30}},"18":{"start":{"line":71,"column":35},"end":{"line":71,"column":68}},"19":{"start":{"line":72,"column":8},"end":{"line":72,"column":49}},"20":{"start":{"line":75,"column":8},"end":{"line":79,"column":9}},"21":{"start":{"line":76,"column":12},"end":{"line":76,"column":39}},"22":{"start":{"line":78,"column":12},"end":{"line":78,"column":67}},"23":{"start":{"line":81,"column":24},"end":{"line":81,"column":80}},"24":{"start":{"line":84,"column":8},"end":{"line":84,"column":60}},"25":{"start":{"line":85,"column":8},"end":{"line":85,"column":31}},"26":{"start":{"line":88,"column":8},"end":{"line":88,"column":39}},"27":{"start":{"line":91,"column":8},"end":{"line":93,"column":9}},"28":{"start":{"line":92,"column":12},"end":{"line":92,"column":37}},"29":{"start":{"line":97,"column":8},"end":{"line":97,"column":55}},"30":{"start":{"line":97,"column":47},"end":{"line":97,"column":55}},"31":{"start":{"line":98,"column":8},"end":{"line":98,"column":31}},"32":{"start":{"line":105,"column":20},"end":{"line":105,"column":60}},"33":{"start":{"line":106,"column":23},"end":{"line":106,"column":24}},"34":{"start":{"line":108,"column":8},"end":{"line":156,"column":9}},"35":{"start":{"line":108,"column":21},"end":{"line":108,"column":22}},"36":{"start":{"line":109,"column":28},"end":{"line":109,"column":38}},"37":{"start":{"line":110,"column":28},"end":{"line":110,"column":38}},"38":{"start":{"line":111,"column":26},"end":{"line":111,"column":53}},"39":{"start":{"line":114,"column":12},"end":{"line":155,"column":13}},"40":{"start":{"line":115,"column":32},"end":{"line":115,"column":56}},"41":{"start":{"line":116,"column":16},"end":{"line":116,"column":44}},"42":{"start":{"line":117,"column":16},"end":{"line":117,"column":27}},"43":{"start":{"line":120,"column":17},"end":{"line":155,"column":13}},"44":{"start":{"line":121,"column":16},"end":{"line":124,"column":17}},"45":{"start":{"line":122,"column":20},"end":{"line":122,"column":48}},"46":{"start":{"line":123,"column":20},"end":{"line":123,"column":78}},"47":{"start":{"line":123,"column":60},"end":{"line":123,"column":78}},"48":{"start":{"line":127,"column":17},"end":{"line":155,"column":13}},"49":{"start":{"line":128,"column":16},"end":{"line":153,"column":17}},"50":{"start":{"line":129,"column":20},"end":{"line":139,"column":21}},"51":{"start":{"line":131,"column":24},"end":{"line":131,"column":58}},"52":{"start":{"line":132,"column":24},"end":{"line":132,"column":58}},"53":{"start":{"line":133,"column":24},"end":{"line":133,"column":47}},"54":{"start":{"line":134,"column":24},"end":{"line":134,"column":48}},"55":{"start":{"line":136,"column":40},"end":{"line":136,"column":64}},"56":{"start":{"line":137,"column":24},"end":{"line":137,"column":62}},"57":{"start":{"line":138,"column":24},"end":{"line":138,"column":42}},"58":{"start":{"line":140,"column":23},"end":{"line":153,"column":17}},"59":{"start":{"line":142,"column":36},"end":{"line":142,"column":51}},"60":{"start":{"line":143,"column":20},"end":{"line":147,"column":21}},"61":{"start":{"line":144,"column":24},"end":{"line":144,"column":87}},"62":{"start":{"line":144,"column":59},"end":{"line":144,"column":87}},"63":{"start":{"line":146,"column":24},"end":{"line":146,"column":87}},"64":{"start":{"line":150,"column":36},"end":{"line":150,"column":60}},"65":{"start":{"line":151,"column":20},"end":{"line":151,"column":58}},"66":{"start":{"line":152,"column":20},"end":{"line":152,"column":78}},"67":{"start":{"line":152,"column":60},"end":{"line":152,"column":78}},"68":{"start":{"line":154,"column":16},"end":{"line":154,"column":27}},"69":{"start":{"line":160,"column":8},"end":{"line":163,"column":9}},"70":{"start":{"line":161,"column":12},"end":{"line":161,"column":73}},"71":{"start":{"line":161,"column":31},"end":{"line":161,"column":73}},"72":{"start":{"line":162,"column":12},"end":{"line":162,"column":33}},"73":{"start":{"line":164,"column":8},"end":{"line":164,"column":59}},"74":{"start":{"line":169,"column":8},"end":{"line":169,"column":72}},"75":{"start":{"line":169,"column":43},"end":{"line":169,"column":72}},"76":{"start":{"line":171,"column":8},"end":{"line":173,"column":9}},"77":{"start":{"line":172,"column":12},"end":{"line":172,"column":64}},"78":{"start":{"line":174,"column":8},"end":{"line":174,"column":41}},"79":{"start":{"line":175,"column":8},"end":{"line":175,"column":29}},"80":{"start":{"line":177,"column":8},"end":{"line":177,"column":23}},"81":{"start":{"line":180,"column":8},"end":{"line":180,"column":68}},"82":{"start":{"line":180,"column":43},"end":{"line":180,"column":68}},"83":{"start":{"line":184,"column":8},"end":{"line":184,"column":30}},"84":{"start":{"line":185,"column":8},"end":{"line":185,"column":68}},"85":{"start":{"line":185,"column":43},"end":{"line":185,"column":68}},"86":{"start":{"line":187,"column":8},"end":{"line":189,"column":9}},"87":{"start":{"line":188,"column":12},"end":{"line":188,"column":65}},"88":{"start":{"line":191,"column":8},"end":{"line":191,"column":25}},"89":{"start":{"line":201,"column":8},"end":{"line":201,"column":34}},"90":{"start":{"line":201,"column":27},"end":{"line":201,"column":34}},"91":{"start":{"line":204,"column":24},"end":{"line":204,"column":41}},"92":{"start":{"line":205,"column":8},"end":{"line":205,"column":58}},"93":{"start":{"line":205,"column":29},"end":{"line":205,"column":58}},"94":{"start":{"line":206,"column":8},"end":{"line":206,"column":44}},"95":{"start":{"line":206,"column":24},"end":{"line":206,"column":44}},"96":{"start":{"line":207,"column":8},"end":{"line":210,"column":9}},"97":{"start":{"line":208,"column":24},"end":{"line":208,"column":78}},"98":{"start":{"line":209,"column":12},"end":{"line":209,"column":39}},"99":{"start":{"line":211,"column":8},"end":{"line":211,"column":79}},"100":{"start":{"line":211,"column":47},"end":{"line":211,"column":79}},"101":{"start":{"line":212,"column":8},"end":{"line":212,"column":89}},"102":{"start":{"line":212,"column":55},"end":{"line":212,"column":89}},"103":{"start":{"line":213,"column":8},"end":{"line":213,"column":61}},"104":{"start":{"line":213,"column":25},"end":{"line":213,"column":61}},"105":{"start":{"line":214,"column":8},"end":{"line":214,"column":67}},"106":{"start":{"line":214,"column":27},"end":{"line":214,"column":67}},"107":{"start":{"line":216,"column":8},"end":{"line":216,"column":63}},"108":{"start":{"line":219,"column":8},"end":{"line":219,"column":71}},"109":{"start":{"line":219,"column":27},"end":{"line":219,"column":71}},"110":{"start":{"line":222,"column":8},"end":{"line":222,"column":49}},"111":{"start":{"line":222,"column":22},"end":{"line":222,"column":49}},"112":{"start":{"line":223,"column":8},"end":{"line":223,"column":70}},"113":{"start":{"line":223,"column":24},"end":{"line":223,"column":70}},"114":{"start":{"line":226,"column":22},"end":{"line":226,"column":54}},"115":{"start":{"line":227,"column":8},"end":{"line":229,"column":9}},"116":{"start":{"line":228,"column":12},"end":{"line":228,"column":46}},"117":{"start":{"line":232,"column":8},"end":{"line":236,"column":9}},"118":{"start":{"line":233,"column":12},"end":{"line":235,"column":13}},"119":{"start":{"line":234,"column":16},"end":{"line":234,"column":74}},"120":{"start":{"line":243,"column":8},"end":{"line":243,"column":44}},"121":{"start":{"line":8,"column":0},"end":{"line":8,"column":22}},"122":{"start":{"line":14,"column":18},"end":{"line":14,"column":62}},"123":{"start":{"line":21,"column":21},"end":{"line":21,"column":38}}},"fnMap":{"0":{"name":"(anonymous_0)","decl":{"start":{"line":29,"column":4},"end":{"line":29,"column":16}},"loc":{"start":{"line":29,"column":65},"end":{"line":32,"column":5}}},"1":{"name":"(anonymous_1)","decl":{"start":{"line":37,"column":11},"end":{"line":37,"column":20}},"loc":{"start":{"line":37,"column":37},"end":{"line":39,"column":5}}},"2":{"name":"(anonymous_2)","decl":{"start":{"line":49,"column":11},"end":{"line":49,"column":17}},"loc":{"start":{"line":49,"column":17},"end":{"line":59,"column":5}}},"3":{"name":"(anonymous_3)","decl":{"start":{"line":53,"column":23},"end":{"line":53,"column":26}},"loc":{"start":{"line":53,"column":28},"end":{"line":58,"column":9}}},"4":{"name":"(anonymous_4)","decl":{"start":{"line":64,"column":14},"end":{"line":64,"column":27}},"loc":{"start":{"line":64,"column":27},"end":{"line":94,"column":5}}},"5":{"name":"(anonymous_5)","decl":{"start":{"line":96,"column":14},"end":{"line":96,"column":28}},"loc":{"start":{"line":96,"column":28},"end":{"line":99,"column":5}}},"6":{"name":"(anonymous_6)","decl":{"start":{"line":104,"column":12},"end":{"line":104,"column":21}},"loc":{"start":{"line":104,"column":95},"end":{"line":157,"column":5}}},"7":{"name":"(anonymous_7)","decl":{"start":{"line":159,"column":12},"end":{"line":159,"column":22}},"loc":{"start":{"line":159,"column":43},"end":{"line":165,"column":5}}},"8":{"name":"(anonymous_8)","decl":{"start":{"line":167,"column":11},"end":{"line":167,"column":16}},"loc":{"start":{"line":167,"column":36},"end":{"line":181,"column":5}}},"9":{"name":"(anonymous_9)","decl":{"start":{"line":183,"column":11},"end":{"line":183,"column":18}},"loc":{"start":{"line":183,"column":41},"end":{"line":192,"column":5}}},"10":{"name":"(anonymous_10)","decl":{"start":{"line":194,"column":11},"end":{"line":194,"column":18}},"loc":{"start":{"line":194,"column":18},"end":{"line":194,"column":29}}},"11":{"name":"(anonymous_11)","decl":{"start":{"line":195,"column":11},"end":{"line":195,"column":20}},"loc":{"start":{"line":195,"column":20},"end":{"line":195,"column":31}}},"12":{"name":"(anonymous_12)","decl":{"start":{"line":200,"column":14},"end":{"line":200,"column":27}},"loc":{"start":{"line":200,"column":47},"end":{"line":237,"column":5}}},"13":{"name":"(anonymous_13)","decl":{"start":{"line":242,"column":11},"end":{"line":242,"column":26}},"loc":{"start":{"line":242,"column":50},"end":{"line":244,"column":5}}}},"branchMap":{"0":{"loc":{"start":{"line":29,"column":16},"end":{"line":29,"column":39}},"type":"default-arg","locations":[{"start":{"line":29,"column":34},"end":{"line":29,"column":39}}]},"1":{"loc":{"start":{"line":29,"column":41},"end":{"line":29,"column":65}},"type":"default-arg","locations":[{"start":{"line":29,"column":63},"end":{"line":29,"column":65}}]},"2":{"loc":{"start":{"line":30,"column":23},"end":{"line":30,"column":47}},"type":"binary-expr","locations":[{"start":{"line":30,"column":23},"end":{"line":30,"column":36}},{"start":{"line":30,"column":40},"end":{"line":30,"column":47}}]},"3":{"loc":{"start":{"line":50,"column":8},"end":{"line":50,"column":50}},"type":"if","locations":[{"start":{"line":50,"column":8},"end":{"line":50,"column":50}}]},"4":{"loc":{"start":{"line":50,"column":12},"end":{"line":50,"column":41}},"type":"binary-expr","locations":[{"start":{"line":50,"column":12},"end":{"line":50,"column":24}},{"start":{"line":50,"column":28},"end":{"line":50,"column":41}}]},"5":{"loc":{"start":{"line":54,"column":12},"end":{"line":57,"column":13}},"type":"if","locations":[{"start":{"line":54,"column":12},"end":{"line":57,"column":13}}]},"6":{"loc":{"start":{"line":65,"column":8},"end":{"line":65,"column":34}},"type":"if","locations":[{"start":{"line":65,"column":8},"end":{"line":65,"column":34}}]},"7":{"loc":{"start":{"line":81,"column":24},"end":{"line":81,"column":80}},"type":"cond-expr","locations":[{"start":{"line":81,"column":53},"end":{"line":81,"column":64}},{"start":{"line":81,"column":67},"end":{"line":81,"column":80}}]},"8":{"loc":{"start":{"line":114,"column":12},"end":{"line":155,"column":13}},"type":"if","locations":[{"start":{"line":114,"column":12},"end":{"line":155,"column":13}},{"start":{"line":120,"column":17},"end":{"line":155,"column":13}}]},"9":{"loc":{"start":{"line":114,"column":16},"end":{"line":114,"column":50}},"type":"binary-expr","locations":[{"start":{"line":114,"column":16},"end":{"line":114,"column":31}},{"start":{"line":114,"column":35},"end":{"line":114,"column":50}}]},"10":{"loc":{"start":{"line":120,"column":17},"end":{"line":155,"column":13}},"type":"if","locations":[{"start":{"line":120,"column":17},"end":{"line":155,"column":13}},{"start":{"line":127,"column":17},"end":{"line":155,"column":13}}]},"11":{"loc":{"start":{"line":120,"column":21},"end":{"line":120,"column":55}},"type":"binary-expr","locations":[{"start":{"line":120,"column":21},"end":{"line":120,"column":36}},{"start":{"line":120,"column":40},"end":{"line":120,"column":55}}]},"12":{"loc":{"start":{"line":121,"column":16},"end":{"line":124,"column":17}},"type":"if","locations":[{"start":{"line":121,"column":16},"end":{"line":124,"column":17}}]},"13":{"loc":{"start":{"line":123,"column":20},"end":{"line":123,"column":78}},"type":"if","locations":[{"start":{"line":123,"column":20},"end":{"line":123,"column":78}}]},"14":{"loc":{"start":{"line":127,"column":17},"end":{"line":155,"column":13}},"type":"if","locations":[{"start":{"line":127,"column":17},"end":{"line":155,"column":13}}]},"15":{"loc":{"start":{"line":127,"column":21},"end":{"line":127,"column":55}},"type":"binary-expr","locations":[{"start":{"line":127,"column":21},"end":{"line":127,"column":36}},{"start":{"line":127,"column":40},"end":{"line":127,"column":55}}]},"16":{"loc":{"start":{"line":128,"column":16},"end":{"line":153,"column":17}},"type":"if","locations":[{"start":{"line":128,"column":16},"end":{"line":153,"column":17}},{"start":{"line":140,"column":23},"end":{"line":153,"column":17}}]},"17":{"loc":{"start":{"line":128,"column":20},"end":{"line":128,"column":92}},"type":"binary-expr","locations":[{"start":{"line":128,"column":20},"end":{"line":128,"column":54}},{"start":{"line":128,"column":58},"end":{"line":128,"column":92}}]},"18":{"loc":{"start":{"line":129,"column":20},"end":{"line":139,"column":21}},"type":"if","locations":[{"start":{"line":129,"column":20},"end":{"line":139,"column":21}},{"start":{"line":135,"column":27},"end":{"line":139,"column":21}}]},"19":{"loc":{"start":{"line":140,"column":23},"end":{"line":153,"column":17}},"type":"if","locations":[{"start":{"line":140,"column":23},"end":{"line":153,"column":17}},{"start":{"line":148,"column":23},"end":{"line":153,"column":17}}]},"20":{"loc":{"start":{"line":140,"column":27},"end":{"line":140,"column":85}},"type":"binary-expr","locations":[{"start":{"line":140,"column":27},"end":{"line":140,"column":54}},{"start":{"line":140,"column":58},"end":{"line":140,"column":85}}]},"21":{"loc":{"start":{"line":143,"column":20},"end":{"line":147,"column":21}},"type":"if","locations":[{"start":{"line":143,"column":20},"end":{"line":147,"column":21}},{"start":{"line":145,"column":27},"end":{"line":147,"column":21}}]},"22":{"loc":{"start":{"line":143,"column":24},"end":{"line":143,"column":57}},"type":"binary-expr","locations":[{"start":{"line":143,"column":24},"end":{"line":143,"column":31}},{"start":{"line":143,"column":35},"end":{"line":143,"column":57}}]},"23":{"loc":{"start":{"line":144,"column":24},"end":{"line":144,"column":87}},"type":"if","locations":[{"start":{"line":144,"column":24},"end":{"line":144,"column":87}}]},"24":{"loc":{"start":{"line":152,"column":20},"end":{"line":152,"column":78}},"type":"if","locations":[{"start":{"line":152,"column":20},"end":{"line":152,"column":78}}]},"25":{"loc":{"start":{"line":160,"column":8},"end":{"line":163,"column":9}},"type":"if","locations":[{"start":{"line":160,"column":8},"end":{"line":163,"column":9}}]},"26":{"loc":{"start":{"line":161,"column":12},"end":{"line":161,"column":73}},"type":"if","locations":[{"start":{"line":161,"column":12},"end":{"line":161,"column":73}}]},"27":{"loc":{"start":{"line":164,"column":46},"end":{"line":164,"column":56}},"type":"binary-expr","locations":[{"start":{"line":164,"column":46},"end":{"line":164,"column":50}},{"start":{"line":164,"column":54},"end":{"line":164,"column":56}}]},"28":{"loc":{"start":{"line":171,"column":8},"end":{"line":173,"column":9}},"type":"if","locations":[{"start":{"line":171,"column":8},"end":{"line":173,"column":9}}]},"29":{"loc":{"start":{"line":183,"column":19},"end":{"line":183,"column":41}},"type":"default-arg","locations":[{"start":{"line":183,"column":37},"end":{"line":183,"column":41}}]},"30":{"loc":{"start":{"line":187,"column":8},"end":{"line":189,"column":9}},"type":"if","locations":[{"start":{"line":187,"column":8},"end":{"line":189,"column":9}}]},"31":{"loc":{"start":{"line":187,"column":12},"end":{"line":187,"column":64}},"type":"binary-expr","locations":[{"start":{"line":187,"column":12},"end":{"line":187,"column":18}},{"start":{"line":187,"column":22},"end":{"line":187,"column":34}},{"start":{"line":187,"column":38},"end":{"line":187,"column":64}}]},"32":{"loc":{"start":{"line":201,"column":8},"end":{"line":201,"column":34}},"type":"if","locations":[{"start":{"line":201,"column":8},"end":{"line":201,"column":34}}]},"33":{"loc":{"start":{"line":205,"column":8},"end":{"line":205,"column":58}},"type":"if","locations":[{"start":{"line":205,"column":8},"end":{"line":205,"column":58}}]},"34":{"loc":{"start":{"line":206,"column":8},"end":{"line":206,"column":44}},"type":"if","locations":[{"start":{"line":206,"column":8},"end":{"line":206,"column":44}}]},"35":{"loc":{"start":{"line":207,"column":8},"end":{"line":210,"column":9}},"type":"if","locations":[{"start":{"line":207,"column":8},"end":{"line":210,"column":9}}]},"36":{"loc":{"start":{"line":208,"column":24},"end":{"line":208,"column":78}},"type":"cond-expr","locations":[{"start":{"line":208,"column":52},"end":{"line":208,"column":60}},{"start":{"line":208,"column":63},"end":{"line":208,"column":78}}]},"37":{"loc":{"start":{"line":211,"column":8},"end":{"line":211,"column":79}},"type":"if","locations":[{"start":{"line":211,"column":8},"end":{"line":211,"column":79}}]},"38":{"loc":{"start":{"line":211,"column":12},"end":{"line":211,"column":45}},"type":"binary-expr","locations":[{"start":{"line":211,"column":12},"end":{"line":211,"column":21}},{"start":{"line":211,"column":25},"end":{"line":211,"column":45}}]},"39":{"loc":{"start":{"line":212,"column":8},"end":{"line":212,"column":89}},"type":"if","locations":[{"start":{"line":212,"column":8},"end":{"line":212,"column":89}}]},"40":{"loc":{"start":{"line":212,"column":12},"end":{"line":212,"column":53}},"type":"binary-expr","locations":[{"start":{"line":212,"column":12},"end":{"line":212,"column":25}},{"start":{"line":212,"column":29},"end":{"line":212,"column":53}}]},"41":{"loc":{"start":{"line":213,"column":8},"end":{"line":213,"column":61}},"type":"if","locations":[{"start":{"line":213,"column":8},"end":{"line":213,"column":61}}]},"42":{"loc":{"start":{"line":214,"column":8},"end":{"line":214,"column":67}},"type":"if","locations":[{"start":{"line":214,"column":8},"end":{"line":214,"column":67}}]},"43":{"loc":{"start":{"line":219,"column":8},"end":{"line":219,"column":71}},"type":"if","locations":[{"start":{"line":219,"column":8},"end":{"line":219,"column":71}}]},"44":{"loc":{"start":{"line":222,"column":8},"end":{"line":222,"column":49}},"type":"if","locations":[{"start":{"line":222,"column":8},"end":{"line":222,"column":49}}]},"45":{"loc":{"start":{"line":223,"column":8},"end":{"line":223,"column":70}},"type":"if","locations":[{"start":{"line":223,"column":8},"end":{"line":223,"column":70}}]},"46":{"loc":{"start":{"line":227,"column":8},"end":{"line":229,"column":9}},"type":"if","locations":[{"start":{"line":227,"column":8},"end":{"line":229,"column":9}}]},"47":{"loc":{"start":{"line":227,"column":12},"end":{"line":227,"column":76}},"type":"binary-expr","locations":[{"start":{"line":227,"column":12},"end":{"line":227,"column":37}},{"start":{"line":227,"column":41},"end":{"line":227,"column":76}}]},"48":{"loc":{"start":{"line":233,"column":12},"end":{"line":235,"column":13}},"type":"if","locations":[{"start":{"line":233,"column":12},"end":{"line":235,"column":13}}]},"49":{"loc":{"start":{"line":233,"column":16},"end":{"line":233,"column":85}},"type":"binary-expr","locations":[{"start":{"line":233,"column":16},"end":{"line":233,"column":56}},{"start":{"line":233,"column":60},"end":{"line":233,"column":85}}]}},"s":{"0":23,"1":23,"2":23,"3":23,"4":23,"5":23,"6":23,"7":1,"8":7,"9":0,"10":7,"11":7,"12":7,"13":7,"14":7,"15":28,"16":0,"17":28,"18":28,"19":28,"20":28,"21":28,"22":28,"23":28,"24":28,"25":28,"26":28,"27":28,"28":2,"29":35,"30":1,"31":35,"32":28,"33":28,"34":28,"35":28,"36":28,"37":28,"38":28,"39":28,"40":20,"41":20,"42":20,"43":8,"44":2,"45":2,"46":2,"47":1,"48":6,"49":6,"50":2,"51":1,"52":1,"53":1,"54":1,"55":1,"56":1,"57":1,"58":4,"59":2,"60":2,"61":2,"62":1,"63":0,"64":2,"65":2,"66":2,"67":1,"68":6,"69":23,"70":5,"71":5,"72":5,"73":18,"74":20,"75":1,"76":20,"77":20,"78":20,"79":20,"80":20,"81":20,"82":1,"83":7,"84":7,"85":1,"86":7,"87":1,"88":7,"89":28,"90":0,"91":28,"92":28,"93":1,"94":28,"95":1,"96":28,"97":2,"98":2,"99":28,"100":2,"101":28,"102":1,"103":28,"104":1,"105":28,"106":1,"107":28,"108":28,"109":1,"110":28,"111":1,"112":28,"113":1,"114":28,"115":28,"116":1,"117":28,"118":29,"119":12,"120":1,"121":1,"122":1,"123":1},"f":{"0":23,"1":1,"2":7,"3":7,"4":28,"5":35,"6":28,"7":23,"8":20,"9":7,"10":20,"11":7,"12":28,"13":1},"b":{"0":[4],"1":[4],"2":[23,23],"3":[0],"4":[7,7],"5":[7],"6":[0],"7":[5,23],"8":[20,8],"9":[28,20],"10":[2,6],"11":[8,8],"12":[2],"13":[1],"14":[6],"15":[6,6],"16":[2,4],"17":[6,3],"18":[1,1],"19":[2,2],"20":[4,3],"21":[2,0],"22":[2,2],"23":[1],"24":[1],"25":[5],"26":[5],"27":[18,0],"28":[20],"29":[5],"30":[1],"31":[7,5,4],"32":[0],"33":[1],"34":[1],"35":[2],"36":[2,0],"37":[2],"38":[28,2],"39":[1],"40":[28,1],"41":[1],"42":[1],"43":[1],"44":[1],"45":[1],"46":[1],"47":[28,1],"48":[12],"49":[29,12]}}
,"/home/ubuntu/code/packages/isomorphic-ui/src/dom/DOMModule.ts": {"path":"/home/ubuntu/code/packages/isomorphic-ui/src/dom/DOMModule.ts","statementMap":{"0":{"start":{"line":8,"column":20},"end":{"line":8,"column":33}},"1":{"start":{"line":10,"column":12},"end":{"line":10,"column":51}},"2":{"start":{"line":11,"column":12},"end":{"line":11,"column":46}},"3":{"start":{"line":14,"column":8},"end":{"line":14,"column":31}},"4":{"start":{"line":18,"column":8},"end":{"line":18,"column":23}},"5":{"start":{"line":22,"column":8},"end":{"line":22,"column":52}},"6":{"start":{"line":22,"column":45},"end":{"line":22,"column":52}},"7":{"start":{"line":24,"column":23},"end":{"line":24,"column":93}},"8":{"start":{"line":25,"column":8},"end":{"line":25,"column":59}},"9":{"start":{"line":27,"column":8},"end":{"line":32,"column":9}},"10":{"start":{"line":28,"column":12},"end":{"line":28,"column":90}},"11":{"start":{"line":29,"column":12},"end":{"line":29,"column":61}},"12":{"start":{"line":30,"column":12},"end":{"line":30,"column":41}},"13":{"start":{"line":31,"column":12},"end":{"line":31,"column":56}},"14":{"start":{"line":39,"column":8},"end":{"line":41,"column":9}},"15":{"start":{"line":40,"column":12},"end":{"line":40,"column":82}},"16":{"start":{"line":43,"column":8},"end":{"line":43,"column":42}},"17":{"start":{"line":7,"column":0},"end":{"line":7,"column":13}}},"fnMap":{"0":{"name":"(anonymous_0)","decl":{"start":{"line":13,"column":4},"end":{"line":13,"column":16}},"loc":{"start":{"line":13,"column":49},"end":{"line":15,"column":5}}},"1":{"name":"(anonymous_1)","decl":{"start":{"line":17,"column":4},"end":{"line":17,"column":10}},"loc":{"start":{"line":17,"column":24},"end":{"line":19,"column":5}}},"2":{"name":"(anonymous_2)","decl":{"start":{"line":21,"column":4},"end":{"line":21,"column":9}},"loc":{"start":{"line":21,"column":16},"end":{"line":33,"column":5}}},"3":{"name":"(anonymous_3)","decl":{"start":{"line":38,"column":11},"end":{"line":38,"column":17}},"loc":{"start":{"line":38,"column":44},"end":{"line":44,"column":5}}}},"branchMap":{"0":{"loc":{"start":{"line":13,"column":16},"end":{"line":13,"column":49}},"type":"default-arg","locations":[{"start":{"line":13,"column":47},"end":{"line":13,"column":49}}]},"1":{"loc":{"start":{"line":22,"column":8},"end":{"line":22,"column":52}},"type":"if","locations":[{"start":{"line":22,"column":8},"end":{"line":22,"column":52}}]},"2":{"loc":{"start":{"line":24,"column":23},"end":{"line":24,"column":93}},"type":"binary-expr","locations":[{"start":{"line":24,"column":23},"end":{"line":24,"column":42}},{"start":{"line":24,"column":47},"end":{"line":24,"column":84}},{"start":{"line":24,"column":88},"end":{"line":24,"column":93}}]},"3":{"loc":{"start":{"line":27,"column":8},"end":{"line":32,"column":9}},"type":"if","locations":[{"start":{"line":27,"column":8},"end":{"line":32,"column":9}}]},"4":{"loc":{"start":{"line":39,"column":8},"end":{"line":41,"column":9}},"type":"if","locations":[{"start":{"line":39,"column":8},"end":{"line":41,"column":9}}]}},"s":{"0":6,"1":6,"2":6,"3":6,"4":1,"5":5,"6":0,"7":5,"8":5,"9":5,"10":4,"11":4,"12":4,"13":4,"14":2,"15":1,"16":1,"17":1},"f":{"0":6,"1":1,"2":5,"3":2},"b":{"0":[3],"1":[0],"2":[5,2,1],"3":[4],"4":[1]}}
,"/home/ubuntu/code/packages/isomorphic-ui/src/primitives/Box.ts": {"path":"/home/ubuntu/code/packages/isomorphic-ui/src/primitives/Box.ts","statementMap":{"0":{"start":{"line":1,"column":0},"end":{"line":1,"column":24}},"1":{"start":{"line":2,"column":0},"end":{"line":2,"column":58}},"2":{"start":{"line":5,"column":13},"end":{"line":8,"column":3}},"3":{"start":{"line":18,"column":26},"end":{"line":18,"column":48}},"4":{"start":{"line":19,"column":8},"end":{"line":19,"column":45}},"5":{"start":{"line":23,"column":8},"end":{"line":23,"column":35}},"6":{"start":{"line":24,"column":8},"end":{"line":26,"column":9}},"7":{"start":{"line":25,"column":12},"end":{"line":25,"column":57}},"8":{"start":{"line":27,"column":8},"end":{"line":29,"column":9}},"9":{"start":{"line":28,"column":12},"end":{"line":28,"column":52}},"10":{"start":{"line":33,"column":8},"end":{"line":33,"column":55}},"11":{"start":{"line":15,"column":0},"end":{"line":15,"column":13}}},"fnMap":{"0":{"name":"(anonymous_0)","decl":{"start":{"line":16,"column":4},"end":{"line":16,"column":16}},"loc":{"start":{"line":16,"column":31},"end":{"line":20,"column":5}}},"1":{"name":"(anonymous_1)","decl":{"start":{"line":22,"column":14},"end":{"line":22,"column":27}},"loc":{"start":{"line":22,"column":43},"end":{"line":30,"column":5}}},"2":{"name":"(anonymous_2)","decl":{"start":{"line":32,"column":11},"end":{"line":32,"column":16}},"loc":{"start":{"line":32,"column":16},"end":{"line":34,"column":5}}}},"branchMap":{"0":{"loc":{"start":{"line":19,"column":14},"end":{"line":19,"column":36}},"type":"binary-expr","locations":[{"start":{"line":19,"column":14},"end":{"line":19,"column":27}},{"start":{"line":19,"column":31},"end":{"line":19,"column":36}}]},"1":{"loc":{"start":{"line":24,"column":8},"end":{"line":26,"column":9}},"type":"if","locations":[{"start":{"line":24,"column":8},"end":{"line":26,"column":9}}]},"2":{"loc":{"start":{"line":24,"column":12},"end":{"line":24,"column":38}},"type":"binary-expr","locations":[{"start":{"line":24,"column":12},"end":{"line":24,"column":22}},{"start":{"line":24,"column":26},"end":{"line":24,"column":38}}]},"3":{"loc":{"start":{"line":27,"column":8},"end":{"line":29,"column":9}},"type":"if","locations":[{"start":{"line":27,"column":8},"end":{"line":29,"column":9}}]},"4":{"loc":{"start":{"line":33,"column":16},"end":{"line":33,"column":54}},"type":"binary-expr","locations":[{"start":{"line":33,"column":16},"end":{"line":33,"column":48}},{"start":{"line":33,"column":52},"end":{"line":33,"column":54}}]}},"s":{"0":1,"1":1,"2":1,"3":3,"4":3,"5":3,"6":3,"7":1,"8":3,"9":3,"10":3,"11":1},"f":{"0":3,"1":3,"2":3},"b":{"0":[3,3],"1":[1],"2":[3,1],"3":[3],"4":[3,2]}}
,"/home/ubuntu/code/packages/isomorphic-ui/src/primitives/Button.ts": {"path":"/home/ubuntu/code/packages/isomorphic-ui/src/primitives/Button.ts","statementMap":{"0":{"start":{"line":1,"column":0},"end":{"line":1,"column":58}},"1":{"start":{"line":9,"column":8},"end":{"line":9,"column":31}},"2":{"start":{"line":13,"column":8},"end":{"line":13,"column":35}},"3":{"start":{"line":14,"column":8},"end":{"line":14,"column":34}},"4":{"start":{"line":14,"column":27},"end":{"line":14,"column":34}},"5":{"start":{"line":16,"column":8},"end":{"line":16,"column":50}},"6":{"start":{"line":17,"column":8},"end":{"line":17,"column":87}},"7":{"start":{"line":17,"column":27},"end":{"line":17,"column":87}},"8":{"start":{"line":24,"column":8},"end":{"line":24,"column":84}},"9":{"start":{"line":7,"column":0},"end":{"line":7,"column":13}}},"fnMap":{"0":{"name":"(anonymous_0)","decl":{"start":{"line":8,"column":4},"end":{"line":8,"column":16}},"loc":{"start":{"line":8,"column":35},"end":{"line":10,"column":5}}},"1":{"name":"(anonymous_1)","decl":{"start":{"line":12,"column":14},"end":{"line":12,"column":27}},"loc":{"start":{"line":12,"column":47},"end":{"line":21,"column":5}}},"2":{"name":"(anonymous_2)","decl":{"start":{"line":23,"column":11},"end":{"line":23,"column":16}},"loc":{"start":{"line":23,"column":16},"end":{"line":25,"column":5}}}},"branchMap":{"0":{"loc":{"start":{"line":14,"column":8},"end":{"line":14,"column":34}},"type":"if","locations":[{"start":{"line":14,"column":8},"end":{"line":14,"column":34}}]},"1":{"loc":{"start":{"line":17,"column":8},"end":{"line":17,"column":87}},"type":"if","locations":[{"start":{"line":17,"column":8},"end":{"line":17,"column":87}}]},"2":{"loc":{"start":{"line":24,"column":16},"end":{"line":24,"column":83}},"type":"binary-expr","locations":[{"start":{"line":24,"column":16},"end":{"line":24,"column":43}},{"start":{"line":24,"column":48},"end":{"line":24,"column":71}},{"start":{"line":24,"column":75},"end":{"line":24,"column":83}}]}},"s":{"0":1,"1":2,"2":2,"3":2,"4":0,"5":2,"6":2,"7":1,"8":2,"9":1},"f":{"0":2,"1":2,"2":2},"b":{"0":[0],"1":[1],"2":[2,1,0]}}
,"/home/ubuntu/code/packages/isomorphic-ui/src/primitives/Stack.ts": {"path":"/home/ubuntu/code/packages/isomorphic-ui/src/primitives/Stack.ts","statementMap":{"0":{"start":{"line":1,"column":0},"end":{"line":1,"column":38}},"1":{"start":{"line":12,"column":8},"end":{"line":16,"column":11}},"2":{"start":{"line":20,"column":8},"end":{"line":20,"column":35}},"3":{"start":{"line":21,"column":8},"end":{"line":23,"column":9}},"4":{"start":{"line":22,"column":12},"end":{"line":22,"column":63}},"5":{"start":{"line":10,"column":0},"end":{"line":10,"column":13}}},"fnMap":{"0":{"name":"(anonymous_0)","decl":{"start":{"line":11,"column":4},"end":{"line":11,"column":16}},"loc":{"start":{"line":11,"column":33},"end":{"line":17,"column":5}}},"1":{"name":"(anonymous_1)","decl":{"start":{"line":19,"column":14},"end":{"line":19,"column":27}},"loc":{"start":{"line":19,"column":45},"end":{"line":24,"column":5}}}},"branchMap":{"0":{"loc":{"start":{"line":21,"column":8},"end":{"line":23,"column":9}},"type":"if","locations":[{"start":{"line":21,"column":8},"end":{"line":23,"column":9}}]}},"s":{"0":1,"1":1,"2":1,"3":1,"4":1,"5":1},"f":{"0":1,"1":1},"b":{"0":[1]}}
,"/home/ubuntu/code/packages/isomorphic-ui/src/primitives/Typography.ts": {"path":"/home/ubuntu/code/packages/isomorphic-ui/src/primitives/Typography.ts","statementMap":{"0":{"start":{"line":1,"column":0},"end":{"line":1,"column":24}},"1":{"start":{"line":2,"column":0},"end":{"line":2,"column":58}},"2":{"start":{"line":5,"column":13},"end":{"line":10,"column":3}},"3":{"start":{"line":24,"column":26},"end":{"line":24,"column":55}},"4":{"start":{"line":25,"column":8},"end":{"line":25,"column":66}},"5":{"start":{"line":29,"column":8},"end":{"line":29,"column":35}},"6":{"start":{"line":30,"column":8},"end":{"line":30,"column":34}},"7":{"start":{"line":30,"column":27},"end":{"line":30,"column":34}},"8":{"start":{"line":32,"column":8},"end":{"line":32,"column":48}},"9":{"start":{"line":33,"column":8},"end":{"line":33,"column":76}},"10":{"start":{"line":34,"column":8},"end":{"line":34,"column":76}},"11":{"start":{"line":34,"column":29},"end":{"line":34,"column":76}},"12":{"start":{"line":35,"column":8},"end":{"line":35,"column":100}},"13":{"start":{"line":35,"column":26},"end":{"line":35,"column":100}},"14":{"start":{"line":39,"column":8},"end":{"line":39,"column":58}},"15":{"start":{"line":17,"column":0},"end":{"line":17,"column":13}},"16":{"start":{"line":18,"column":19},"end":{"line":21,"column":6}}},"fnMap":{"0":{"name":"(anonymous_0)","decl":{"start":{"line":23,"column":4},"end":{"line":23,"column":16}},"loc":{"start":{"line":23,"column":38},"end":{"line":26,"column":5}}},"1":{"name":"(anonymous_1)","decl":{"start":{"line":28,"column":14},"end":{"line":28,"column":27}},"loc":{"start":{"line":28,"column":50},"end":{"line":36,"column":5}}},"2":{"name":"(anonymous_2)","decl":{"start":{"line":38,"column":11},"end":{"line":38,"column":16}},"loc":{"start":{"line":38,"column":16},"end":{"line":40,"column":5}}}},"branchMap":{"0":{"loc":{"start":{"line":25,"column":14},"end":{"line":25,"column":57}},"type":"binary-expr","locations":[{"start":{"line":25,"column":14},"end":{"line":25,"column":50}},{"start":{"line":25,"column":54},"end":{"line":25,"column":57}}]},"1":{"loc":{"start":{"line":30,"column":8},"end":{"line":30,"column":34}},"type":"if","locations":[{"start":{"line":30,"column":8},"end":{"line":30,"column":34}}]},"2":{"loc":{"start":{"line":33,"column":49},"end":{"line":33,"column":72}},"type":"binary-expr","locations":[{"start":{"line":33,"column":49},"end":{"line":33,"column":62}},{"start":{"line":33,"column":66},"end":{"line":33,"column":72}}]},"3":{"loc":{"start":{"line":34,"column":8},"end":{"line":34,"column":76}},"type":"if","locations":[{"start":{"line":34,"column":8},"end":{"line":34,"column":76}}]},"4":{"loc":{"start":{"line":35,"column":8},"end":{"line":35,"column":100}},"type":"if","locations":[{"start":{"line":35,"column":8},"end":{"line":35,"column":100}}]},"5":{"loc":{"start":{"line":39,"column":16},"end":{"line":39,"column":57}},"type":"binary-expr","locations":[{"start":{"line":39,"column":16},"end":{"line":39,"column":51}},{"start":{"line":39,"column":55},"end":{"line":39,"column":57}}]}},"s":{"0":1,"1":1,"2":1,"3":3,"4":3,"5":3,"6":3,"7":0,"8":3,"9":3,"10":3,"11":1,"12":3,"13":1,"14":3,"15":1,"16":1},"f":{"0":3,"1":3,"2":3},"b":{"0":[3,0],"1":[0],"2":[3,0],"3":[1],"4":[1],"5":[3,2]}}
}
