TN:
SF:src/core/BrokerComponent.ts
FN:29,(anonymous_0)
FN:37,(anonymous_1)
FN:49,(anonymous_2)
FN:53,(anonymous_3)
FN:64,(anonymous_4)
FN:96,(anonymous_5)
FN:104,(anonymous_6)
FN:159,(anonymous_7)
FN:167,(anonymous_8)
FN:183,(anonymous_9)
FN:194,(anonymous_10)
FN:195,(anonymous_11)
FN:200,(anonymous_12)
FN:242,(anonymous_13)
FNF:14
FNH:14
FNDA:23,(anonymous_0)
FNDA:1,(anonymous_1)
FNDA:7,(anonymous_2)
FNDA:7,(anonymous_3)
FNDA:28,(anonymous_4)
FNDA:35,(anonymous_5)
FNDA:28,(anonymous_6)
FNDA:23,(anonymous_7)
FNDA:20,(anonymous_8)
FNDA:7,(anonymous_9)
FNDA:20,(anonymous_10)
FNDA:7,(anonymous_11)
FNDA:28,(anonymous_12)
FNDA:1,(anonymous_13)
DA:8,1
DA:9,23
DA:14,1
DA:16,23
DA:17,23
DA:18,23
DA:19,23
DA:21,1
DA:30,23
DA:31,23
DA:38,1
DA:50,7
DA:51,7
DA:53,7
DA:54,7
DA:55,7
DA:56,7
DA:65,28
DA:68,28
DA:71,28
DA:72,28
DA:75,28
DA:76,28
DA:78,28
DA:81,28
DA:84,28
DA:85,28
DA:88,28
DA:91,28
DA:92,2
DA:97,35
DA:98,35
DA:105,28
DA:106,28
DA:108,28
DA:109,28
DA:110,28
DA:111,28
DA:114,28
DA:115,20
DA:116,20
DA:117,20
DA:120,8
DA:121,2
DA:122,2
DA:123,2
DA:127,6
DA:128,6
DA:129,2
DA:131,1
DA:132,1
DA:133,1
DA:134,1
DA:136,1
DA:137,1
DA:138,1
DA:140,4
DA:142,2
DA:143,2
DA:144,2
DA:146,0
DA:150,2
DA:151,2
DA:152,2
DA:154,6
DA:160,23
DA:161,5
DA:162,5
DA:164,18
DA:169,20
DA:171,20
DA:172,20
DA:174,20
DA:175,20
DA:177,20
DA:180,20
DA:184,7
DA:185,7
DA:187,7
DA:188,1
DA:191,7
DA:201,28
DA:204,28
DA:205,28
DA:206,28
DA:207,28
DA:208,2
DA:209,2
DA:211,28
DA:212,28
DA:213,28
DA:214,28
DA:216,28
DA:219,28
DA:222,28
DA:223,28
DA:226,28
DA:227,28
DA:228,1
DA:232,28
DA:233,29
DA:234,12
DA:243,1
LF:103
LH:102
BRDA:29,0,0,4
BRDA:29,1,0,4
BRDA:30,2,0,23
BRDA:30,2,1,23
BRDA:50,3,0,0
BRDA:50,4,0,7
BRDA:50,4,1,7
BRDA:54,5,0,7
BRDA:65,6,0,0
BRDA:81,7,0,5
BRDA:81,7,1,23
BRDA:114,8,0,20
BRDA:114,8,1,8
BRDA:114,9,0,28
BRDA:114,9,1,20
BRDA:120,10,0,2
BRDA:120,10,1,6
BRDA:120,11,0,8
BRDA:120,11,1,8
BRDA:121,12,0,2
BRDA:123,13,0,1
BRDA:127,14,0,6
BRDA:127,15,0,6
BRDA:127,15,1,6
BRDA:128,16,0,2
BRDA:128,16,1,4
BRDA:128,17,0,6
BRDA:128,17,1,3
BRDA:129,18,0,1
BRDA:129,18,1,1
BRDA:140,19,0,2
BRDA:140,19,1,2
BRDA:140,20,0,4
BRDA:140,20,1,3
BRDA:143,21,0,2
BRDA:143,21,1,0
BRDA:143,22,0,2
BRDA:143,22,1,2
BRDA:144,23,0,1
BRDA:152,24,0,1
BRDA:160,25,0,5
BRDA:161,26,0,5
BRDA:164,27,0,18
BRDA:164,27,1,0
BRDA:171,28,0,20
BRDA:183,29,0,5
BRDA:187,30,0,1
BRDA:187,31,0,7
BRDA:187,31,1,5
BRDA:187,31,2,4
BRDA:201,32,0,0
BRDA:205,33,0,1
BRDA:206,34,0,1
BRDA:207,35,0,2
BRDA:208,36,0,2
BRDA:208,36,1,0
BRDA:211,37,0,2
BRDA:211,38,0,28
BRDA:211,38,1,2
BRDA:212,39,0,1
BRDA:212,40,0,28
BRDA:212,40,1,1
BRDA:213,41,0,1
BRDA:214,42,0,1
BRDA:219,43,0,1
BRDA:222,44,0,1
BRDA:223,45,0,1
BRDA:227,46,0,1
BRDA:227,47,0,28
BRDA:227,47,1,1
BRDA:233,48,0,12
BRDA:233,49,0,29
BRDA:233,49,1,12
BRF:73
BRH:67
end_of_record
TN:
SF:src/dom/DOMModule.ts
FN:13,(anonymous_0)
FN:17,(anonymous_1)
FN:21,(anonymous_2)
FN:38,(anonymous_3)
FNF:4
FNH:4
FNDA:6,(anonymous_0)
FNDA:1,(anonymous_1)
FNDA:5,(anonymous_2)
FNDA:2,(anonymous_3)
DA:7,1
DA:8,6
DA:10,6
DA:11,6
DA:14,6
DA:18,1
DA:22,5
DA:24,5
DA:25,5
DA:27,5
DA:28,4
DA:29,4
DA:30,4
DA:31,4
DA:39,2
DA:40,1
DA:43,1
LF:17
LH:17
BRDA:13,0,0,3
BRDA:22,1,0,0
BRDA:24,2,0,5
BRDA:24,2,1,2
BRDA:24,2,2,1
BRDA:27,3,0,4
BRDA:39,4,0,1
BRF:7
BRH:6
end_of_record
TN:
SF:src/primitives/Box.ts
FN:16,(anonymous_0)
FN:22,(anonymous_1)
FN:32,(anonymous_2)
FNF:3
FNH:3
FNDA:3,(anonymous_0)
FNDA:3,(anonymous_1)
FNDA:3,(anonymous_2)
DA:1,1
DA:2,1
DA:5,1
DA:15,1
DA:18,3
DA:19,3
DA:23,3
DA:24,3
DA:25,1
DA:27,3
DA:28,3
DA:33,3
LF:12
LH:12
BRDA:19,0,0,3
BRDA:19,0,1,3
BRDA:24,1,0,1
BRDA:24,2,0,3
BRDA:24,2,1,1
BRDA:27,3,0,3
BRDA:33,4,0,3
BRDA:33,4,1,2
BRF:8
BRH:8
end_of_record
TN:
SF:src/primitives/Button.ts
FN:8,(anonymous_0)
FN:12,(anonymous_1)
FN:23,(anonymous_2)
FNF:3
FNH:3
FNDA:2,(anonymous_0)
FNDA:2,(anonymous_1)
FNDA:2,(anonymous_2)
DA:1,1
DA:7,1
DA:9,2
DA:13,2
DA:14,2
DA:16,2
DA:17,2
DA:24,2
LF:8
LH:8
BRDA:14,0,0,0
BRDA:17,1,0,1
BRDA:24,2,0,2
BRDA:24,2,1,1
BRDA:24,2,2,0
BRF:5
BRH:3
end_of_record
TN:
SF:src/primitives/Stack.ts
FN:11,(anonymous_0)
FN:19,(anonymous_1)
FNF:2
FNH:2
FNDA:1,(anonymous_0)
FNDA:1,(anonymous_1)
DA:1,1
DA:10,1
DA:12,1
DA:20,1
DA:21,1
DA:22,1
LF:6
LH:6
BRDA:21,0,0,1
BRF:1
BRH:1
end_of_record
TN:
SF:src/primitives/Typography.ts
FN:23,(anonymous_0)
FN:28,(anonymous_1)
FN:38,(anonymous_2)
FNF:3
FNH:3
FNDA:3,(anonymous_0)
FNDA:3,(anonymous_1)
FNDA:3,(anonymous_2)
DA:1,1
DA:2,1
DA:5,1
DA:17,1
DA:18,1
DA:24,3
DA:25,3
DA:29,3
DA:30,3
DA:32,3
DA:33,3
DA:34,3
DA:35,3
DA:39,3
LF:14
LH:14
BRDA:25,0,0,3
BRDA:25,0,1,0
BRDA:30,1,0,0
BRDA:33,2,0,3
BRDA:33,2,1,0
BRDA:34,3,0,1
BRDA:35,4,0,1
BRDA:39,5,0,3
BRDA:39,5,1,2
BRF:9
BRH:6
end_of_record
